2023.02.04 21:26:23 INFO  tracing is disabled for protocol LSP, to enable tracing of incoming and outgoing JSON messages create an empty file at c:\Users\leona\Projetos\scala-exercises\.metals\lsp.trace.json or C:\Users\leona\AppData\Local\scalameta\metals\cache\lsp.trace.json
2023.02.04 21:26:24 INFO  logging to file C:\Users\leona\Projetos\scala-exercises\.metals\metals.log
2023.02.04 21:26:24 INFO  Started: Metals version 0.11.10 in workspace 'C:\Users\leona\Projetos\scala-exercises' for client Visual Studio Code 1.75.0.
2023.02.04 21:26:24 WARN  Can't instantiate JavaInteractiveSemanticdb (version: JdkVersion(8), jdkHome: C:\Program Files\Java\jre1.8.0_241, javac exists: false)
SLF4J: No SLF4J providers were found.
SLF4J: Defaulting to no-operation (NOP) logger implementation
SLF4J: See https://www.slf4j.org/codes.html#noProviders for further details.
SLF4J: Class path contains SLF4J bindings targeting slf4j-api versions 1.7.x or earlier.
SLF4J: Ignoring binding found at [jar:file:/C:/Users/leona/AppData/Local/Coursier/cache/v1/https/repo1.maven.org/maven2/com/outr/scribe-slf4j_2.13/3.10.5/scribe-slf4j_2.13-3.10.5.jar!/org/slf4j/impl/StaticLoggerBinder.class]
SLF4J: See https://www.slf4j.org/codes.html#ignoredBindings for an explanation.
2023.02.04 21:26:24 INFO  time: initialize in 0.81s
2023.02.04 21:26:25 WARN  Build server is not auto-connectable.
2023.02.04 21:26:25 WARN  no build tool detected in workspace 'C:\Users\leona\Projetos\scala-exercises'. The most common cause for this problem is that the editor was opened in the wrong working directory, for example if you use sbt then the workspace directory should contain build.sbt. 
2023.02.04 21:26:25 WARN  no build target for: C:\Users\leona\Projetos\scala-exercises\Ex01\Ex01.scala
2023.02.04 21:34:47 INFO  no build target found for C:\Users\leona\Projetos\scala-exercises\Ex01\Ex01.scala. Using presentation compiler with project's scala-library version: 3.2.1
fev 04, 2023 9:34:47 PM org.eclipse.lsp4j.jsonrpc.RemoteEndpoint handleCancellation
ADVERTÊNCIA: Unmatched cancel notification for request id 15
fev 04, 2023 9:34:48 PM org.eclipse.lsp4j.jsonrpc.RemoteEndpoint handleCancellation
ADVERTÊNCIA: Unmatched cancel notification for request id 14
fev 04, 2023 9:34:48 PM org.eclipse.lsp4j.jsonrpc.RemoteEndpoint handleCancellation
ADVERTÊNCIA: Unmatched cancel notification for request id 21
fev 04, 2023 9:34:48 PM org.eclipse.lsp4j.jsonrpc.RemoteEndpoint handleCancellation
ADVERTÊNCIA: Unmatched cancel notification for request id 28
fev 04, 2023 9:34:48 PM org.eclipse.lsp4j.jsonrpc.RemoteEndpoint handleCancellation
ADVERTÊNCIA: Unmatched cancel notification for request id 31
fev 04, 2023 9:34:48 PM org.eclipse.lsp4j.jsonrpc.RemoteEndpoint handleCancellation
ADVERTÊNCIA: Unmatched cancel notification for request id 27
fev 04, 2023 9:34:48 PM org.eclipse.lsp4j.jsonrpc.RemoteEndpoint handleCancellation
ADVERTÊNCIA: Unmatched cancel notification for request id 36
2023.02.04 21:34:48 WARN  no build target for: C:\Users\leona\Projetos\scala-exercises\Ex01\Ex01.scala
fev 04, 2023 9:34:48 PM org.eclipse.lsp4j.jsonrpc.RemoteEndpoint handleCancellation
ADVERTÊNCIA: Unmatched cancel notification for request id 49
fev 04, 2023 9:34:48 PM org.eclipse.lsp4j.jsonrpc.RemoteEndpoint handleCancellation
ADVERTÊNCIA: Unmatched cancel notification for request id 43
fev 04, 2023 9:34:48 PM org.eclipse.lsp4j.jsonrpc.RemoteEndpoint handleCancellation
ADVERTÊNCIA: Unmatched cancel notification for request id 53
fev 04, 2023 9:34:48 PM org.eclipse.lsp4j.jsonrpc.RemoteEndpoint handleCancellation
ADVERTÊNCIA: Unmatched cancel notification for request id 56
fev 04, 2023 9:34:48 PM org.eclipse.lsp4j.jsonrpc.RemoteEndpoint handleCancellation
ADVERTÊNCIA: Unmatched cancel notification for request id 85
fev 04, 2023 9:34:48 PM org.eclipse.lsp4j.jsonrpc.RemoteEndpoint handleCancellation
ADVERTÊNCIA: Unmatched cancel notification for request id 72
fev 04, 2023 9:34:48 PM org.eclipse.lsp4j.jsonrpc.RemoteEndpoint handleCancellation
ADVERTÊNCIA: Unmatched cancel notification for request id 87
fev 04, 2023 9:34:48 PM org.eclipse.lsp4j.jsonrpc.RemoteEndpoint handleCancellation
ADVERTÊNCIA: Unmatched cancel notification for request id 83
fev 04, 2023 9:34:48 PM org.eclipse.lsp4j.jsonrpc.RemoteEndpoint handleCancellation
ADVERTÊNCIA: Unmatched cancel notification for request id 100
fev 04, 2023 9:34:48 PM org.eclipse.lsp4j.jsonrpc.RemoteEndpoint handleCancellation
ADVERTÊNCIA: Unmatched cancel notification for request id 88
2023.02.04 21:34:48 WARN  no build target for: C:\Users\leona\Projetos\scala-exercises\Ex01\Ex01.scala
fev 04, 2023 9:34:48 PM org.eclipse.lsp4j.jsonrpc.RemoteEndpoint handleCancellation
ADVERTÊNCIA: Unmatched cancel notification for request id 114
fev 04, 2023 9:34:48 PM org.eclipse.lsp4j.jsonrpc.RemoteEndpoint handleCancellation
ADVERTÊNCIA: Unmatched cancel notification for request id 112
fev 04, 2023 9:34:48 PM org.eclipse.lsp4j.jsonrpc.RemoteEndpoint handleCancellation
ADVERTÊNCIA: Unmatched cancel notification for request id 105
fev 04, 2023 9:34:48 PM org.eclipse.lsp4j.jsonrpc.RemoteEndpoint handleCancellation
ADVERTÊNCIA: Unmatched cancel notification for request id 103
fev 04, 2023 9:34:48 PM org.eclipse.lsp4j.jsonrpc.RemoteEndpoint handleCancellation
ADVERTÊNCIA: Unmatched cancel notification for request id 119
fev 04, 2023 9:34:48 PM org.eclipse.lsp4j.jsonrpc.RemoteEndpoint handleCancellation
ADVERTÊNCIA: Unmatched cancel notification for request id 122
fev 04, 2023 9:34:48 PM org.eclipse.lsp4j.jsonrpc.RemoteEndpoint handleCancellation
ADVERTÊNCIA: Unmatched cancel notification for request id 128
fev 04, 2023 9:34:48 PM org.eclipse.lsp4j.jsonrpc.RemoteEndpoint handleCancellation
ADVERTÊNCIA: Unmatched cancel notification for request id 126
fev 04, 2023 9:34:48 PM org.eclipse.lsp4j.jsonrpc.RemoteEndpoint handleCancellation
ADVERTÊNCIA: Unmatched cancel notification for request id 133
fev 04, 2023 9:34:48 PM org.eclipse.lsp4j.jsonrpc.RemoteEndpoint handleCancellation
ADVERTÊNCIA: Unmatched cancel notification for request id 145
2023.02.04 21:34:48 WARN  no build target for: C:\Users\leona\Projetos\scala-exercises\Ex01\Ex01.scala
fev 04, 2023 9:34:48 PM org.eclipse.lsp4j.jsonrpc.RemoteEndpoint handleCancellation
ADVERTÊNCIA: Unmatched cancel notification for request id 108
fev 04, 2023 9:34:48 PM org.eclipse.lsp4j.jsonrpc.RemoteEndpoint handleCancellation
ADVERTÊNCIA: Unmatched cancel notification for request id 151
fev 04, 2023 9:34:48 PM org.eclipse.lsp4j.jsonrpc.RemoteEndpoint handleCancellation
ADVERTÊNCIA: Unmatched cancel notification for request id 162
fev 04, 2023 9:34:48 PM org.eclipse.lsp4j.jsonrpc.RemoteEndpoint handleCancellation
ADVERTÊNCIA: Unmatched cancel notification for request id 149
fev 04, 2023 9:34:48 PM org.eclipse.lsp4j.jsonrpc.RemoteEndpoint handleCancellation
ADVERTÊNCIA: Unmatched cancel notification for request id 165
fev 04, 2023 9:34:48 PM org.eclipse.lsp4j.jsonrpc.RemoteEndpoint handleCancellation
ADVERTÊNCIA: Unmatched cancel notification for request id 168
2023.02.04 21:34:48 WARN  no build target for: C:\Users\leona\Projetos\scala-exercises\Ex01\Ex01.scala
2023.02.04 21:34:49 INFO  time: code lens generation in 8m23s
2023.02.04 21:48:00 INFO  tracing is disabled for protocol LSP, to enable tracing of incoming and outgoing JSON messages create an empty file at c:\Users\leona\Projetos\scala-exercises\.metals\lsp.trace.json or C:\Users\leona\AppData\Local\scalameta\metals\cache\lsp.trace.json
2023.02.04 21:48:01 INFO  logging to file C:\Users\leona\Projetos\scala-exercises\.metals\metals.log
2023.02.04 21:48:01 INFO  Started: Metals version 0.11.10 in workspace 'C:\Users\leona\Projetos\scala-exercises' for client Visual Studio Code 1.75.0.
2023.02.04 21:48:01 WARN  Can't instantiate JavaInteractiveSemanticdb (version: JdkVersion(8), jdkHome: C:\Program Files\Java\jre1.8.0_241, javac exists: false)
SLF4J: No SLF4J providers were found.
SLF4J: Defaulting to no-operation (NOP) logger implementation
SLF4J: See https://www.slf4j.org/codes.html#noProviders for further details.
SLF4J: Class path contains SLF4J bindings targeting slf4j-api versions 1.7.x or earlier.
SLF4J: Ignoring binding found at [jar:file:/C:/Users/leona/AppData/Local/Coursier/cache/v1/https/repo1.maven.org/maven2/com/outr/scribe-slf4j_2.13/3.10.5/scribe-slf4j_2.13-3.10.5.jar!/org/slf4j/impl/StaticLoggerBinder.class]
SLF4J: See https://www.slf4j.org/codes.html#ignoredBindings for an explanation.
2023.02.04 21:48:06 INFO  time: initialize in 5.08s
2023.02.04 21:48:07 WARN  Build server is not auto-connectable.
2023.02.04 21:48:07 WARN  no build tool detected in workspace 'C:\Users\leona\Projetos\scala-exercises'. The most common cause for this problem is that the editor was opened in the wrong working directory, for example if you use sbt then the workspace directory should contain build.sbt. 
2023.02.04 21:48:07 WARN  no build target for: C:\Users\leona\Projetos\scala-exercises\Ex01\Ex01.scala
2023.02.04 21:48:09 INFO  no build target found for C:\Users\leona\Projetos\scala-exercises\Ex01\Ex01.scala. Using presentation compiler with project's scala-library version: 3.2.1
2023.02.04 21:48:11 INFO  time: code lens generation in 3.93s
fev 04, 2023 9:50:01 PM org.eclipse.lsp4j.jsonrpc.RemoteEndpoint handleCancellation
ADVERTÊNCIA: Unmatched cancel notification for request id 183
2023.02.04 21:50:02 WARN  no build target for: C:\Users\leona\Projetos\scala-exercises\Ex01\Ex01.scala
2023.02.04 21:50:52 WARN  no build target for: C:\Users\leona\Projetos\scala-exercises\Ex01\Ex01.scala
2023.02.04 21:51:05 WARN  no build target for: C:\Users\leona\Projetos\scala-exercises\Ex01\Ex01.scala
2023.02.04 21:51:17 WARN  no build target for: C:\Users\leona\Projetos\scala-exercises\Ex01\Ex01.scala
2023.02.04 21:51:53 WARN  no build target for: C:\Users\leona\Projetos\scala-exercises\Ex01\Ex01.scala
2023.02.04 21:52:06 WARN  no build target for: C:\Users\leona\Projetos\scala-exercises\Ex01\Ex01.scala
fev 04, 2023 9:52:08 PM org.eclipse.lsp4j.jsonrpc.RemoteEndpoint handleCancellation
ADVERTÊNCIA: Unmatched cancel notification for request id 377
2023.02.04 21:52:09 WARN  no build target for: C:\Users\leona\Projetos\scala-exercises\Ex01\Ex01.scala
2023.02.04 21:53:14 WARN  no build target for: C:\Users\leona\Projetos\scala-exercises\Ex01\Ex01.scala
fev 04, 2023 9:53:19 PM org.eclipse.lsp4j.jsonrpc.RemoteEndpoint handleCancellation
ADVERTÊNCIA: Unmatched cancel notification for request id 458
2023.02.04 21:53:22 WARN  no build target for: C:\Users\leona\Projetos\scala-exercises\Ex01\Ex01.scala
2023.02.04 21:53:55 WARN  no build target for: C:\Users\leona\Projetos\scala-exercises\Ex01\Ex01.scala
Exception in thread "pool-3-thread-1" java.lang.Error: java.lang.InterruptedException
	at java.util.concurrent.ThreadPoolExecutor.runWorker(Unknown Source)
	at java.util.concurrent.ThreadPoolExecutor$Worker.run(Unknown Source)
	at java.lang.Thread.run(Unknown Source)
Caused by: java.lang.InterruptedException
	at scala.meta.internal.metals.FutureCancelToken.checkCanceled(FutureCancelToken.scala:29)
	at scala.meta.internal.pc.CompilerAccess.onCompilerJobQueue$$anonfun$1(CompilerAccess.scala:195)
	at scala.meta.internal.pc.CompilerJobQueue$Job.run(CompilerJobQueue.scala:152)
	... 3 more
2023.02.04 21:54:25 WARN  no build target for: C:\Users\leona\Projetos\scala-exercises\Ex01\Ex01.scala
Exception in thread "pool-3-thread-2" java.lang.Error: java.lang.InterruptedException
	at java.util.concurrent.ThreadPoolExecutor.runWorker(Unknown Source)
	at java.util.concurrent.ThreadPoolExecutor$Worker.run(Unknown Source)
	at java.lang.Thread.run(Unknown Source)
Caused by: java.lang.InterruptedException
	at scala.meta.internal.metals.FutureCancelToken.checkCanceled(FutureCancelToken.scala:29)
	at scala.meta.internal.pc.CompilerAccess.onCompilerJobQueue$$anonfun$1(CompilerAccess.scala:195)
	at scala.meta.internal.pc.CompilerJobQueue$Job.run(CompilerJobQueue.scala:152)
	... 3 more
2023.02.04 21:54:58 WARN  no build target for: C:\Users\leona\Projetos\scala-exercises\Ex01\Ex01.scala
2023.02.04 21:54:58 WARN  no build target for: C:\Users\leona\Projetos\scala-exercises\Ex01\Ex01.scala
2023.02.04 21:54:58 WARN  no build target for: C:\Users\leona\Projetos\scala-exercises\Ex01\Ex01.scala
2023.02.04 21:54:59 WARN  no build target for: C:\Users\leona\Projetos\scala-exercises\Ex01\Ex01.scala
2023.02.04 21:55:01 WARN  no build target for: C:\Users\leona\Projetos\scala-exercises\Ex01\Ex01.scala
2023.02.04 21:55:33 WARN  no build target for: C:\Users\leona\Projetos\scala-exercises\Ex01\Ex01.scala
2023.02.04 21:55:33 WARN  no build target for: C:\Users\leona\Projetos\scala-exercises\Ex01\Ex01.scala
2023.02.04 21:55:33 WARN  no build target for: C:\Users\leona\Projetos\scala-exercises\Ex01\Ex01.scala
2023.02.04 21:55:33 WARN  no build target for: C:\Users\leona\Projetos\scala-exercises\Ex01\Ex01.scala
2023.02.04 21:55:48 WARN  no build target for: C:\Users\leona\Projetos\scala-exercises\Ex01\Ex01.scala
2023.02.04 22:00:12 WARN  no build target for: C:\Users\leona\Projetos\scala-exercises\Ex01\Ex01.scala
2023.02.04 22:00:32 WARN  no build target for: C:\Users\leona\Projetos\scala-exercises\Ex01\Ex01.scala
2023.02.04 22:00:56 WARN  no build target for: C:\Users\leona\Projetos\scala-exercises\Ex02\Ex02.scala
2023.02.04 22:00:57 WARN  no build target for: C:\Users\leona\Projetos\scala-exercises\Ex02\Ex02.scala
2023.02.04 22:09:52 WARN  no build target for: C:\Users\leona\Projetos\scala-exercises\Ex01\Ex01.scala
2023.02.04 22:09:57 WARN  no build target for: C:\Users\leona\Projetos\scala-exercises\Ex02\Ex02.scala
2023.02.04 22:10:52 WARN  no build target for: C:\Users\leona\Projetos\scala-exercises\Ex02\Ex02.scala
2023.02.04 22:11:16 WARN  no build target for: C:\Users\leona\Projetos\scala-exercises\Ex02\Ex02.scala
2023.02.04 22:11:26 WARN  no build target for: C:\Users\leona\Projetos\scala-exercises\Ex02\Ex02.scala
2023.02.04 22:11:40 WARN  no build target for: C:\Users\leona\Projetos\scala-exercises\Ex02\Ex02.scala
2023.02.04 22:12:50 WARN  no build target for: C:\Users\leona\Projetos\scala-exercises\Ex02\Ex02.scala
2023.02.04 22:13:37 WARN  no build target for: C:\Users\leona\Projetos\scala-exercises\Ex02\Ex02.scala
2023.02.04 22:14:05 WARN  no build target for: C:\Users\leona\Projetos\scala-exercises\Ex02\Ex02.scala
fev 04, 2023 10:14:15 PM org.eclipse.lsp4j.jsonrpc.RemoteEndpoint handleCancellation
ADVERTÊNCIA: Unmatched cancel notification for request id 1344
2023.02.04 22:14:20 WARN  no build target for: C:\Users\leona\Projetos\scala-exercises\Ex02\Ex02.scala
2023.02.04 22:17:05 WARN  no build target for: C:\Users\leona\Projetos\scala-exercises\Ex03\Ex03.scala
2023.02.04 22:17:26 WARN  no build target for: C:\Users\leona\Projetos\scala-exercises\Ex03\Ex03.scala
2023.02.04 22:17:43 WARN  no build target for: C:\Users\leona\Projetos\scala-exercises\Ex03\Ex03.scala
2023.02.04 22:18:24 WARN  no build target for: C:\Users\leona\Projetos\scala-exercises\Ex03\Ex03.scala
2023.02.04 22:20:06 WARN  no build target for: C:\Users\leona\Projetos\scala-exercises\Ex03\Ex03.scala
2023.02.04 22:20:13 WARN  no build target for: C:\Users\leona\Projetos\scala-exercises\Ex03\Ex03.scala
2023.02.04 22:20:38 WARN  no build target for: C:\Users\leona\Projetos\scala-exercises\Ex03\Ex03.scala
2023.02.04 22:20:49 WARN  no build target for: C:\Users\leona\Projetos\scala-exercises\Ex03\Ex03.scala
2023.02.04 22:20:51 WARN  no build target for: C:\Users\leona\Projetos\scala-exercises\Ex03\Ex03.scala
2023.02.04 22:21:01 WARN  no build target for: C:\Users\leona\Projetos\scala-exercises\Ex03\Ex03.scala
2023.02.04 22:21:02 WARN  no build target for: C:\Users\leona\Projetos\scala-exercises\Ex03\Ex03.scala
2023.02.04 22:21:41 WARN  no build target for: C:\Users\leona\Projetos\scala-exercises\Ex03\Ex03.scala
2023.02.04 22:21:45 WARN  no build target for: C:\Users\leona\Projetos\scala-exercises\Ex03\Ex03.scala
Downloading https://repo1.maven.org/maven2/org/scalameta/scalafmt-core_2.13/3.5.9/scalafmt-core_2.13-3.5.9.pom
Downloaded https://repo1.maven.org/maven2/org/scalameta/scalafmt-core_2.13/3.5.9/scalafmt-core_2.13-3.5.9.pom
Downloading https://repo1.maven.org/maven2/org/scalameta/scalafmt-sysops_2.13/3.5.9/scalafmt-sysops_2.13-3.5.9.pom
Downloading https://repo1.maven.org/maven2/org/scala-lang/scala-library/2.13.8/scala-library-2.13.8.pom
Downloading https://repo1.maven.org/maven2/org/scalameta/scalafmt-config_2.13/3.5.9/scalafmt-config_2.13-3.5.9.pom
Downloading https://repo1.maven.org/maven2/org/scalameta/scalameta_2.13/4.5.12/scalameta_2.13-4.5.12.pom
Downloaded https://repo1.maven.org/maven2/org/scalameta/scalafmt-sysops_2.13/3.5.9/scalafmt-sysops_2.13-3.5.9.pom
Downloaded https://repo1.maven.org/maven2/org/scala-lang/scala-library/2.13.8/scala-library-2.13.8.pom
Downloaded https://repo1.maven.org/maven2/org/scalameta/scalameta_2.13/4.5.12/scalameta_2.13-4.5.12.pom
Downloaded https://repo1.maven.org/maven2/org/scalameta/scalafmt-config_2.13/3.5.9/scalafmt-config_2.13-3.5.9.pom
Downloading https://repo1.maven.org/maven2/com/geirsson/metaconfig-typesafe-config_2.13/0.10.0/metaconfig-typesafe-config_2.13-0.10.0.pom
Downloading https://repo1.maven.org/maven2/com/geirsson/metaconfig-core_2.13/0.10.0/metaconfig-core_2.13-0.10.0.pom
Downloading https://repo1.maven.org/maven2/org/scalameta/parsers_2.13/4.5.12/parsers_2.13-4.5.12.pom
Downloading https://repo1.maven.org/maven2/org/scala-lang/scalap/2.13.8/scalap-2.13.8.pom
Downloaded https://repo1.maven.org/maven2/org/scalameta/parsers_2.13/4.5.12/parsers_2.13-4.5.12.pom
Downloaded https://repo1.maven.org/maven2/com/geirsson/metaconfig-typesafe-config_2.13/0.10.0/metaconfig-typesafe-config_2.13-0.10.0.pom
Downloaded https://repo1.maven.org/maven2/org/scala-lang/scalap/2.13.8/scalap-2.13.8.pom
Downloaded https://repo1.maven.org/maven2/com/geirsson/metaconfig-core_2.13/0.10.0/metaconfig-core_2.13-0.10.0.pom
Downloading https://repo1.maven.org/maven2/org/scala-lang/scala-compiler/2.13.8/scala-compiler-2.13.8.pom
Downloading https://repo1.maven.org/maven2/org/scalameta/trees_2.13/4.5.12/trees_2.13-4.5.12.pom
Downloading https://repo1.maven.org/maven2/com/typesafe/config/1.4.1/config-1.4.1.pom
Downloading https://repo1.maven.org/maven2/com/geirsson/metaconfig-pprint_2.13/0.10.0/metaconfig-pprint_2.13-0.10.0.pom
2023.02.04 22:22:40 WARN  no build target for: C:\Users\leona\Projetos\scala-exercises\Ex03\Ex03.scala
Downloaded https://repo1.maven.org/maven2/com/geirsson/metaconfig-pprint_2.13/0.10.0/metaconfig-pprint_2.13-0.10.0.pom
Downloaded https://repo1.maven.org/maven2/com/typesafe/config/1.4.1/config-1.4.1.pom
Downloaded https://repo1.maven.org/maven2/org/scalameta/trees_2.13/4.5.12/trees_2.13-4.5.12.pom
Downloaded https://repo1.maven.org/maven2/org/scala-lang/scala-compiler/2.13.8/scala-compiler-2.13.8.pom
Downloading https://repo1.maven.org/maven2/org/scalameta/common_2.13/4.5.12/common_2.13-4.5.12.pom
Downloaded https://repo1.maven.org/maven2/org/scalameta/common_2.13/4.5.12/common_2.13-4.5.12.pom
Downloading https://repo1.maven.org/maven2/org/scalameta/scalafmt-config_2.13/3.5.9/scalafmt-config_2.13-3.5.9.jar
Downloading https://repo1.maven.org/maven2/org/scalameta/scalameta_2.13/4.5.12/scalameta_2.13-4.5.12.jar
Downloading https://repo1.maven.org/maven2/com/typesafe/config/1.4.1/config-1.4.1.jar
Downloading https://repo1.maven.org/maven2/com/geirsson/metaconfig-pprint_2.13/0.10.0/metaconfig-pprint_2.13-0.10.0.jar
Downloading https://repo1.maven.org/maven2/org/scalameta/scalafmt-sysops_2.13/3.5.9/scalafmt-sysops_2.13-3.5.9.jar
Downloading https://repo1.maven.org/maven2/org/scalameta/common_2.13/4.5.12/common_2.13-4.5.12.jar
Downloaded https://repo1.maven.org/maven2/org/scalameta/scalafmt-sysops_2.13/3.5.9/scalafmt-sysops_2.13-3.5.9.jar
Downloading https://repo1.maven.org/maven2/org/scalameta/parsers_2.13/4.5.12/parsers_2.13-4.5.12.jar
Downloaded https://repo1.maven.org/maven2/org/scalameta/scalafmt-config_2.13/3.5.9/scalafmt-config_2.13-3.5.9.jar
Downloading https://repo1.maven.org/maven2/org/scala-lang/scala-compiler/2.13.8/scala-compiler-2.13.8.jar
Downloaded https://repo1.maven.org/maven2/com/geirsson/metaconfig-pprint_2.13/0.10.0/metaconfig-pprint_2.13-0.10.0.jar
Downloading https://repo1.maven.org/maven2/com/geirsson/metaconfig-core_2.13/0.10.0/metaconfig-core_2.13-0.10.0.jar
Downloaded https://repo1.maven.org/maven2/com/typesafe/config/1.4.1/config-1.4.1.jar
Downloading https://repo1.maven.org/maven2/org/scala-lang/scala-library/2.13.8/scala-library-2.13.8.jar
Downloaded https://repo1.maven.org/maven2/com/geirsson/metaconfig-core_2.13/0.10.0/metaconfig-core_2.13-0.10.0.jar
Downloading https://repo1.maven.org/maven2/com/geirsson/metaconfig-typesafe-config_2.13/0.10.0/metaconfig-typesafe-config_2.13-0.10.0.jar
Downloaded https://repo1.maven.org/maven2/com/geirsson/metaconfig-typesafe-config_2.13/0.10.0/metaconfig-typesafe-config_2.13-0.10.0.jar
Downloading https://repo1.maven.org/maven2/org/scalameta/trees_2.13/4.5.12/trees_2.13-4.5.12.jar
Still downloading:
https://repo1.maven.org/maven2/org/scalameta/scalameta_2.13/4.5.12/scalameta_2.13-4.5.12.jar (94,55 %, 748544 / 791731)
https://repo1.maven.org/maven2/org/scalameta/parsers_2.13/4.5.12/parsers_2.13-4.5.12.jar (70,87 %, 887168 / 1251801)
https://repo1.maven.org/maven2/org/scalameta/common_2.13/4.5.12/common_2.13-4.5.12.jar (30,61 %, 732160 / 2391658)
https://repo1.maven.org/maven2/org/scala-lang/scala-library/2.13.8/scala-library-2.13.8.jar (9,36 %, 561913 / 6003601)
https://repo1.maven.org/maven2/org/scalameta/trees_2.13/4.5.12/trees_2.13-4.5.12.jar (6,23 %, 272192 / 4368574)
https://repo1.maven.org/maven2/org/scala-lang/scala-compiler/2.13.8/scala-compiler-2.13.8.jar (6,09 %, 737280 / 12097183)

Downloaded https://repo1.maven.org/maven2/org/scalameta/scalameta_2.13/4.5.12/scalameta_2.13-4.5.12.jar
Downloading https://repo1.maven.org/maven2/org/scalameta/scalafmt-core_2.13/3.5.9/scalafmt-core_2.13-3.5.9.jar
Still downloading:
https://repo1.maven.org/maven2/org/scalameta/parsers_2.13/4.5.12/parsers_2.13-4.5.12.jar (92,62 %, 1159360 / 1251801)
https://repo1.maven.org/maven2/org/scalameta/common_2.13/4.5.12/common_2.13-4.5.12.jar (39,52 %, 945152 / 2391658)
https://repo1.maven.org/maven2/org/scala-lang/scala-library/2.13.8/scala-library-2.13.8.jar (14,00 %, 840441 / 6003601)
https://repo1.maven.org/maven2/org/scalameta/trees_2.13/4.5.12/trees_2.13-4.5.12.jar (9,23 %, 403264 / 4368574)
https://repo1.maven.org/maven2/org/scala-lang/scala-compiler/2.13.8/scala-compiler-2.13.8.jar (7,31 %, 884736 / 12097183)
https://repo1.maven.org/maven2/org/scalameta/scalafmt-core_2.13/3.5.9/scalafmt-core_2.13-3.5.9.jar (5,48 %, 114144 / 2082225)

Downloaded https://repo1.maven.org/maven2/org/scalameta/parsers_2.13/4.5.12/parsers_2.13-4.5.12.jar
Downloading https://repo1.maven.org/maven2/org/scala-lang/scala-reflect/2.13.8/scala-reflect-2.13.8.jar
Still downloading:
https://repo1.maven.org/maven2/org/scalameta/common_2.13/4.5.12/common_2.13-4.5.12.jar (55,75 %, 1333248 / 2391658)
https://repo1.maven.org/maven2/org/scala-lang/scala-library/2.13.8/scala-library-2.13.8.jar (21,09 %, 1266425 / 6003601)
https://repo1.maven.org/maven2/org/scalameta/scalafmt-core_2.13/3.5.9/scalafmt-core_2.13-3.5.9.jar (15,71 %, 327136 / 2082225)
https://repo1.maven.org/maven2/org/scalameta/trees_2.13/4.5.12/trees_2.13-4.5.12.jar (14,34 %, 626304 / 4368574)
https://repo1.maven.org/maven2/org/scala-lang/scala-compiler/2.13.8/scala-compiler-2.13.8.jar (9,89 %, 1196032 / 12097183)
https://repo1.maven.org/maven2/org/scala-lang/scala-reflect/2.13.8/scala-reflect-2.13.8.jar (3,89 %, 146906 / 3772083)

Still downloading:
https://repo1.maven.org/maven2/org/scalameta/common_2.13/4.5.12/common_2.13-4.5.12.jar (69,45 %, 1660928 / 2391658)
https://repo1.maven.org/maven2/org/scalameta/scalafmt-core_2.13/3.5.9/scalafmt-core_2.13-3.5.9.jar (31,90 %, 664128 / 2082225)
https://repo1.maven.org/maven2/org/scala-lang/scala-library/2.13.8/scala-library-2.13.8.jar (27,37 %, 1643257 / 6003601)
https://repo1.maven.org/maven2/org/scalameta/trees_2.13/4.5.12/trees_2.13-4.5.12.jar (21,69 %, 947648 / 4368574)
https://repo1.maven.org/maven2/org/scala-lang/scala-compiler/2.13.8/scala-compiler-2.13.8.jar (12,87 %, 1556480 / 12097183)
https://repo1.maven.org/maven2/org/scala-lang/scala-reflect/2.13.8/scala-reflect-2.13.8.jar (7,80 %, 294362 / 3772083)

Still downloading:
https://repo1.maven.org/maven2/org/scalameta/common_2.13/4.5.12/common_2.13-4.5.12.jar (90,47 %, 2163712 / 2391658)
https://repo1.maven.org/maven2/org/scalameta/scalafmt-core_2.13/3.5.9/scalafmt-core_2.13-3.5.9.jar (56,83 %, 1183296 / 2082225)
https://repo1.maven.org/maven2/org/scala-lang/scala-library/2.13.8/scala-library-2.13.8.jar (36,92 %, 2216697 / 6003601)
https://repo1.maven.org/maven2/org/scalameta/trees_2.13/4.5.12/trees_2.13-4.5.12.jar (32,11 %, 1402560 / 4368574)
https://repo1.maven.org/maven2/org/scala-lang/scala-reflect/2.13.8/scala-reflect-2.13.8.jar (16,93 %, 638426 / 3772083)
https://repo1.maven.org/maven2/org/scala-lang/scala-compiler/2.13.8/scala-compiler-2.13.8.jar (16,52 %, 1998848 / 12097183)

Downloaded https://repo1.maven.org/maven2/org/scalameta/common_2.13/4.5.12/common_2.13-4.5.12.jar
Downloading https://repo1.maven.org/maven2/org/scala-lang/scalap/2.13.8/scalap-2.13.8.jar
Still downloading:
https://repo1.maven.org/maven2/org/scalameta/scalafmt-core_2.13/3.5.9/scalafmt-core_2.13-3.5.9.jar (81,76 %, 1702464 / 2082225)
https://repo1.maven.org/maven2/org/scala-lang/scala-library/2.13.8/scala-library-2.13.8.jar (46,47 %, 2790137 / 6003601)
https://repo1.maven.org/maven2/org/scala-lang/scalap/2.13.8/scalap-2.13.8.jar (43,12 %, 228829 / 530687)
https://repo1.maven.org/maven2/org/scalameta/trees_2.13/4.5.12/trees_2.13-4.5.12.jar (42,49 %, 1856192 / 4368574)
https://repo1.maven.org/maven2/org/scala-lang/scala-reflect/2.13.8/scala-reflect-2.13.8.jar (27,86 %, 1051008 / 3772083)
https://repo1.maven.org/maven2/org/scala-lang/scala-compiler/2.13.8/scala-compiler-2.13.8.jar (20,18 %, 2441216 / 12097183)

Downloaded https://repo1.maven.org/maven2/org/scala-lang/scalap/2.13.8/scalap-2.13.8.jar
Still downloading:
https://repo1.maven.org/maven2/org/scalameta/scalafmt-core_2.13/3.5.9/scalafmt-core_2.13-3.5.9.jar (97,98 %, 2040192 / 2082225)
https://repo1.maven.org/maven2/org/scalameta/trees_2.13/4.5.12/trees_2.13-4.5.12.jar (52,24 %, 2282176 / 4368574)
https://repo1.maven.org/maven2/org/scala-lang/scala-library/2.13.8/scala-library-2.13.8.jar (51,66 %, 3101433 / 6003601)
https://repo1.maven.org/maven2/org/scala-lang/scala-reflect/2.13.8/scala-reflect-2.13.8.jar (35,55 %, 1340800 / 3772083)
https://repo1.maven.org/maven2/org/scala-lang/scala-compiler/2.13.8/scala-compiler-2.13.8.jar (22,89 %, 2768896 / 12097183)

Downloaded https://repo1.maven.org/maven2/org/scalameta/scalafmt-core_2.13/3.5.9/scalafmt-core_2.13-3.5.9.jar
Still downloading:
https://repo1.maven.org/maven2/org/scalameta/trees_2.13/4.5.12/trees_2.13-4.5.12.jar (60,00 %, 2621120 / 4368574)
https://repo1.maven.org/maven2/org/scala-lang/scala-library/2.13.8/scala-library-2.13.8.jar (56,03 %, 3363577 / 6003601)
https://repo1.maven.org/maven2/org/scala-lang/scala-reflect/2.13.8/scala-reflect-2.13.8.jar (43,80 %, 1652096 / 3772083)
https://repo1.maven.org/maven2/org/scala-lang/scala-compiler/2.13.8/scala-compiler-2.13.8.jar (25,60 %, 3096576 / 12097183)

Still downloading:
https://repo1.maven.org/maven2/org/scalameta/trees_2.13/4.5.12/trees_2.13-4.5.12.jar (69,38 %, 3030720 / 4368574)
https://repo1.maven.org/maven2/org/scala-lang/scala-library/2.13.8/scala-library-2.13.8.jar (63,25 %, 3796997 / 6003601)
https://repo1.maven.org/maven2/org/scala-lang/scala-reflect/2.13.8/scala-reflect-2.13.8.jar (56,96 %, 2148544 / 3772083)
https://repo1.maven.org/maven2/org/scala-lang/scala-compiler/2.13.8/scala-compiler-2.13.8.jar (27,49 %, 3325952 / 12097183)

Still downloading:
https://repo1.maven.org/maven2/org/scalameta/trees_2.13/4.5.12/trees_2.13-4.5.12.jar (82,61 %, 3609088 / 4368574)
https://repo1.maven.org/maven2/org/scala-lang/scala-library/2.13.8/scala-library-2.13.8.jar (75,80 %, 4550661 / 6003601)
https://repo1.maven.org/maven2/org/scala-lang/scala-reflect/2.13.8/scala-reflect-2.13.8.jar (73,90 %, 2787520 / 3772083)
https://repo1.maven.org/maven2/org/scala-lang/scala-compiler/2.13.8/scala-compiler-2.13.8.jar (30,61 %, 3702784 / 12097183)

Still downloading:
https://repo1.maven.org/maven2/org/scalameta/trees_2.13/4.5.12/trees_2.13-4.5.12.jar (92,25 %, 4029952 / 4368574)
https://repo1.maven.org/maven2/org/scala-lang/scala-reflect/2.13.8/scala-reflect-2.13.8.jar (84,76 %, 3197120 / 3772083)
https://repo1.maven.org/maven2/org/scala-lang/scala-library/2.13.8/scala-library-2.13.8.jar (83,17 %, 4993029 / 6003601)
https://repo1.maven.org/maven2/org/scala-lang/scala-compiler/2.13.8/scala-compiler-2.13.8.jar (33,59 %, 4063232 / 12097183)

Downloaded https://repo1.maven.org/maven2/org/scalameta/trees_2.13/4.5.12/trees_2.13-4.5.12.jar
Downloaded https://repo1.maven.org/maven2/org/scala-lang/scala-reflect/2.13.8/scala-reflect-2.13.8.jar
2023.02.04 22:24:16 WARN  no build target for: C:\Users\leona\Projetos\scala-exercises\Ex03\Ex03.scala
2023.02.04 22:24:16 WARN  no build target for: C:\Users\leona\Projetos\scala-exercises\Ex03\Ex03.scala
2023.02.04 22:24:16 WARN  no build target for: C:\Users\leona\Projetos\scala-exercises\Ex03\Ex03.scala
2023.02.04 22:24:16 WARN  no build target for: C:\Users\leona\Projetos\scala-exercises\Ex03\Ex03.scala
2023.02.04 22:24:18 WARN  no build target for: C:\Users\leona\Projetos\scala-exercises\Ex03\Ex03.scala
Still downloading:
https://repo1.maven.org/maven2/org/scala-lang/scala-library/2.13.8/scala-library-2.13.8.jar (94,90 %, 5697541 / 6003601)
https://repo1.maven.org/maven2/org/scala-lang/scala-compiler/2.13.8/scala-compiler-2.13.8.jar (37,11 %, 4489819 / 12097183)

2023.02.04 22:24:19 WARN  no build target for: C:\Users\leona\Projetos\scala-exercises\Ex03\Ex03.scala
2023.02.04 22:24:19 WARN  no build target for: C:\Users\leona\Projetos\scala-exercises\Ex03\Ex03.scala
2023.02.04 22:24:20 WARN  no build target for: C:\Users\leona\Projetos\scala-exercises\Ex03\Ex03.scala
2023.02.04 22:24:20 WARN  no build target for: C:\Users\leona\Projetos\scala-exercises\Ex03\Ex03.scala
2023.02.04 22:24:19 WARN  no build target for: C:\Users\leona\Projetos\scala-exercises\Ex03\Ex03.scala
2023.02.04 22:24:24 WARN  no build target for: C:\Users\leona\Projetos\scala-exercises\Ex03\Ex03.scala
2023.02.04 22:24:24 WARN  no build target for: C:\Users\leona\Projetos\scala-exercises\Ex03\Ex03.scala
2023.02.04 22:24:24 WARN  no build target for: C:\Users\leona\Projetos\scala-exercises\Ex03\Ex03.scala
Still downloading:
https://repo1.maven.org/maven2/org/scala-lang/scala-library/2.13.8/scala-library-2.13.8.jar (97,63 %, 5861381 / 6003601)
https://repo1.maven.org/maven2/org/scala-lang/scala-compiler/2.13.8/scala-compiler-2.13.8.jar (41,99 %, 5079643 / 12097183)

Downloaded https://repo1.maven.org/maven2/org/scala-lang/scala-library/2.13.8/scala-library-2.13.8.jar
2023.02.04 22:24:26 WARN  no build target for: C:\Users\leona\Projetos\scala-exercises\Ex03\Ex03.scala
2023.02.04 22:24:29 WARN  no build target for: C:\Users\leona\Projetos\scala-exercises\Ex03\Ex03.scala
2023.02.04 22:24:29 WARN  no build target for: C:\Users\leona\Projetos\scala-exercises\Ex03\Ex03.scala
2023.02.04 22:24:29 WARN  no build target for: C:\Users\leona\Projetos\scala-exercises\Ex03\Ex03.scala
2023.02.04 22:24:29 WARN  no build target for: C:\Users\leona\Projetos\scala-exercises\Ex03\Ex03.scala
2023.02.04 22:24:30 WARN  no build target for: C:\Users\leona\Projetos\scala-exercises\Ex03\Ex03.scala
2023.02.04 22:24:29 WARN  no build target for: C:\Users\leona\Projetos\scala-exercises\Ex03\Ex03.scala
2023.02.04 22:24:30 WARN  no build target for: C:\Users\leona\Projetos\scala-exercises\Ex03\Ex03.scala
2023.02.04 22:24:30 WARN  no build target for: C:\Users\leona\Projetos\scala-exercises\Ex03\Ex03.scala
2023.02.04 22:24:30 WARN  no build target for: C:\Users\leona\Projetos\scala-exercises\Ex03\Ex03.scala
2023.02.04 22:24:30 WARN  no build target for: C:\Users\leona\Projetos\scala-exercises\Ex03\Ex03.scala
2023.02.04 22:24:31 WARN  no build target for: C:\Users\leona\Projetos\scala-exercises\Ex03\Ex03.scala
2023.02.04 22:24:30 WARN  no build target for: C:\Users\leona\Projetos\scala-exercises\Ex03\Ex03.scala
Still downloading:
https://repo1.maven.org/maven2/org/scala-lang/scala-compiler/2.13.8/scala-compiler-2.13.8.jar (48,63 %, 5882459 / 12097183)

Still downloading:
https://repo1.maven.org/maven2/org/scala-lang/scala-compiler/2.13.8/scala-compiler-2.13.8.jar (51,61 %, 6242907 / 12097183)

Still downloading:
https://repo1.maven.org/maven2/org/scala-lang/scala-compiler/2.13.8/scala-compiler-2.13.8.jar (53,50 %, 6472283 / 12097183)

Still downloading:
https://repo1.maven.org/maven2/org/scala-lang/scala-compiler/2.13.8/scala-compiler-2.13.8.jar (54,72 %, 6619739 / 12097183)

2023.02.04 22:24:52 WARN  no build target for: C:\Users\leona\Projetos\scala-exercises\Ex03\Ex03.scala
Still downloading:
https://repo1.maven.org/maven2/org/scala-lang/scala-compiler/2.13.8/scala-compiler-2.13.8.jar (55,80 %, 6750811 / 12097183)

2023.02.04 22:25:00 WARN  no build target for: C:\Users\leona\Projetos\scala-exercises\Ex03\Ex03.scala
2023.02.04 22:25:00 WARN  no build target for: C:\Users\leona\Projetos\scala-exercises\Ex03\Ex03.scala
2023.02.04 22:25:00 WARN  no build target for: C:\Users\leona\Projetos\scala-exercises\Ex03\Ex03.scala
Still downloading:
https://repo1.maven.org/maven2/org/scala-lang/scala-compiler/2.13.8/scala-compiler-2.13.8.jar (62,17 %, 7520859 / 12097183)

Still downloading:
https://repo1.maven.org/maven2/org/scala-lang/scala-compiler/2.13.8/scala-compiler-2.13.8.jar (68,81 %, 8323675 / 12097183)

Still downloading:
https://repo1.maven.org/maven2/org/scala-lang/scala-compiler/2.13.8/scala-compiler-2.13.8.jar (73,55 %, 8897115 / 12097183)

Still downloading:
https://repo1.maven.org/maven2/org/scala-lang/scala-compiler/2.13.8/scala-compiler-2.13.8.jar (78,56 %, 9503323 / 12097183)

2023.02.04 22:25:20 WARN  no build target for: C:\Users\leona\Projetos\scala-exercises\Ex03\Ex03.scala
Still downloading:
https://repo1.maven.org/maven2/org/scala-lang/scala-compiler/2.13.8/scala-compiler-2.13.8.jar (84,25 %, 10191451 / 12097183)

Still downloading:
https://repo1.maven.org/maven2/org/scala-lang/scala-compiler/2.13.8/scala-compiler-2.13.8.jar (89,53 %, 10830427 / 12097183)

Still downloading:
https://repo1.maven.org/maven2/org/scala-lang/scala-compiler/2.13.8/scala-compiler-2.13.8.jar (93,73 %, 11338331 / 12097183)

Still downloading:
https://repo1.maven.org/maven2/org/scala-lang/scala-compiler/2.13.8/scala-compiler-2.13.8.jar (99,82 %, 12075611 / 12097183)

Downloaded https://repo1.maven.org/maven2/org/scala-lang/scala-compiler/2.13.8/scala-compiler-2.13.8.jar
2023.02.04 22:25:40 WARN  no build target for: C:\Users\leona\Projetos\scala-exercises\Ex03\Ex03.scala
2023.02.04 22:25:55 WARN  no build target for: C:\Users\leona\Projetos\scala-exercises\Ex03\Ex03.scala
2023.02.04 22:25:55 WARN  no build target for: C:\Users\leona\Projetos\scala-exercises\Ex03\Ex03.scala
2023.02.04 22:26:06 WARN  no build target for: C:\Users\leona\Projetos\scala-exercises\Ex03\Ex03.scala
2023.02.04 22:26:06 WARN  no build target for: C:\Users\leona\Projetos\scala-exercises\Ex03\Ex03.scala
2023.02.04 22:26:19 WARN  no build target for: C:\Users\leona\Projetos\scala-exercises\Ex03\Ex03.scala
2023.02.04 22:26:34 WARN  no build target for: C:\Users\leona\Projetos\scala-exercises\Ex03\Ex03.scala
2023.02.04 22:26:34 WARN  no build target for: C:\Users\leona\Projetos\scala-exercises\Ex03\Ex03.scala
2023.02.04 22:26:49 WARN  no build target for: C:\Users\leona\Projetos\scala-exercises\Ex03\Ex03.scala
2023.02.04 22:26:55 WARN  no build target for: C:\Users\leona\Projetos\scala-exercises\Ex03\Ex03.scala
2023.02.04 22:27:13 WARN  no build target for: C:\Users\leona\Projetos\scala-exercises\Ex03\Ex03.scala
2023.02.04 22:27:13 WARN  no build target for: C:\Users\leona\Projetos\scala-exercises\Ex03\Ex03.scala
2023.02.04 22:30:23 WARN  no build target for: C:\Users\leona\Projetos\scala-exercises\Ex04\Ex04.scala
fev 04, 2023 10:30:25 PM org.eclipse.lsp4j.jsonrpc.RemoteEndpoint handleCancellation
ADVERTÊNCIA: Unmatched cancel notification for request id 2303
2023.02.04 22:30:29 WARN  no build target for: C:\Users\leona\Projetos\scala-exercises\Ex04\Ex04.scala
2023.02.04 22:30:32 WARN  no build target for: C:\Users\leona\Projetos\scala-exercises\Ex04\Ex04.scala
2023.02.04 22:30:35 WARN  no build target for: C:\Users\leona\Projetos\scala-exercises\Ex04\Ex04.scala
2023.02.04 22:30:46 WARN  no build target for: C:\Users\leona\Projetos\scala-exercises\Ex04\Ex04.scala
2023.02.04 22:30:53 WARN  no build target for: C:\Users\leona\Projetos\scala-exercises\Ex04\Ex04.scala
fev 04, 2023 10:31:05 PM org.eclipse.lsp4j.jsonrpc.RemoteEndpoint handleCancellation
ADVERTÊNCIA: Unmatched cancel notification for request id 2440
2023.02.04 22:31:32 WARN  no build target for: C:\Users\leona\Projetos\scala-exercises\Ex04\Ex04.scala
2023.02.04 22:31:32 WARN  no build target for: C:\Users\leona\Projetos\scala-exercises\Ex04\Ex04.scala
2023.02.04 22:31:32 WARN  no build target for: C:\Users\leona\Projetos\scala-exercises\Ex04\Ex04.scala
2023.02.04 22:31:59 WARN  no build target for: C:\Users\leona\Projetos\scala-exercises\Ex04\Ex04.scala
2023.02.04 22:32:22 WARN  no build target for: C:\Users\leona\Projetos\scala-exercises\Ex04\Ex04.scala
2023.02.04 22:32:22 WARN  no build target for: C:\Users\leona\Projetos\scala-exercises\Ex04\Ex04.scala
2023.02.04 22:32:22 WARN  no build target for: C:\Users\leona\Projetos\scala-exercises\Ex04\Ex04.scala
2023.02.04 22:32:22 WARN  no build target for: C:\Users\leona\Projetos\scala-exercises\Ex04\Ex04.scala
2023.02.04 22:32:45 WARN  no build target for: C:\Users\leona\Projetos\scala-exercises\Ex04\Ex04.scala
2023.02.04 22:32:45 WARN  no build target for: C:\Users\leona\Projetos\scala-exercises\Ex04\Ex04.scala
2023.02.04 22:32:48 WARN  no build target for: C:\Users\leona\Projetos\scala-exercises\Ex04\Ex04.scala
2023.02.04 22:37:12 WARN  no build target for: C:\Users\leona\Projetos\scala-exercises\Ex05\Ex05.scala
2023.02.04 22:37:20 WARN  no build target for: C:\Users\leona\Projetos\scala-exercises\Ex05\Ex05.scala
2023.02.04 22:37:23 WARN  no build target for: C:\Users\leona\Projetos\scala-exercises\Ex05\Ex05.scala
2023.02.04 22:39:33 WARN  no build target for: C:\Users\leona\Projetos\scala-exercises\Ex05\Ex05.scala
2023.02.04 22:39:46 WARN  no build target for: C:\Users\leona\Projetos\scala-exercises\Ex05\Ex05.scala
2023.02.04 22:39:51 WARN  no build target for: C:\Users\leona\Projetos\scala-exercises\Ex03\Ex03.scala
2023.02.04 22:39:56 WARN  no build target for: C:\Users\leona\Projetos\scala-exercises\Ex03\Ex03.scala
2023.02.04 22:39:56 WARN  no build target for: C:\Users\leona\Projetos\scala-exercises\Ex03\Ex03.scala
2023.02.04 22:40:07 WARN  no build target for: C:\Users\leona\Projetos\scala-exercises\Ex05\Ex05.scala
2023.02.04 22:40:12 WARN  no build target for: C:\Users\leona\Projetos\scala-exercises\Ex05\Ex05.scala
2023.02.04 22:40:18 WARN  no build target for: C:\Users\leona\Projetos\scala-exercises\Ex05\Ex05.scala
2023.02.04 22:40:18 WARN  no build target for: C:\Users\leona\Projetos\scala-exercises\Ex05\Ex05.scala
2023.02.04 22:40:18 WARN  no build target for: C:\Users\leona\Projetos\scala-exercises\Ex05\Ex05.scala
2023.02.04 22:40:19 WARN  no build target for: C:\Users\leona\Projetos\scala-exercises\Ex05\Ex05.scala
2023.02.04 22:40:31 WARN  no build target for: C:\Users\leona\Projetos\scala-exercises\Ex04\Ex04.scala
2023.02.04 22:40:32 WARN  no build target for: C:\Users\leona\Projetos\scala-exercises\Ex04\Ex04.scala
2023.02.04 22:40:37 WARN  no build target for: C:\Users\leona\Projetos\scala-exercises\Ex05\Ex05.scala
2023.02.04 22:40:56 WARN  no build target for: C:\Users\leona\Projetos\scala-exercises\Ex05\Ex05.scala
2023.02.04 22:40:57 WARN  no build target for: C:\Users\leona\Projetos\scala-exercises\Ex05\Ex05.scala
2023.02.04 22:41:27 WARN  no build target for: C:\Users\leona\Projetos\scala-exercises\Ex05\Ex05.scala
2023.02.04 22:41:43 WARN  no build target for: C:\Users\leona\Projetos\scala-exercises\Ex05\Ex05.scala
2023.02.04 22:42:22 WARN  no build target for: C:\Users\leona\Projetos\scala-exercises\Ex05\Ex05.scala
2023.02.04 22:42:24 WARN  no build target for: C:\Users\leona\Projetos\scala-exercises\Ex05\Ex05.scala
2023.02.04 22:43:15 WARN  no build target for: C:\Users\leona\Projetos\scala-exercises\Ex05\Ex05.scala
2023.02.04 22:43:23 WARN  no build target for: C:\Users\leona\Projetos\scala-exercises\Ex05\Ex05.scala
2023.02.04 22:43:28 WARN  no build target for: C:\Users\leona\Projetos\scala-exercises\Ex05\Ex05.scala
2023.02.04 22:44:16 WARN  no build target for: C:\Users\leona\Projetos\scala-exercises\Ex05\Ex05.scala
2023.02.04 22:44:28 WARN  no build target for: C:\Users\leona\Projetos\scala-exercises\Ex05\Ex05.scala
2023.02.04 22:44:37 WARN  no build target for: C:\Users\leona\Projetos\scala-exercises\Ex05\Ex05.scala
Exception in thread "pool-3-thread-3" java.lang.Error: java.lang.InterruptedException
	at java.util.concurrent.ThreadPoolExecutor.runWorker(Unknown Source)
	at java.util.concurrent.ThreadPoolExecutor$Worker.run(Unknown Source)
	at java.lang.Thread.run(Unknown Source)
Caused by: java.lang.InterruptedException
	at scala.meta.internal.metals.FutureCancelToken.checkCanceled(FutureCancelToken.scala:29)
	at scala.meta.internal.pc.CompilerAccess.onCompilerJobQueue$$anonfun$1(CompilerAccess.scala:195)
	at scala.meta.internal.pc.CompilerJobQueue$Job.run(CompilerJobQueue.scala:152)
	... 3 more
2023.02.04 22:44:50 WARN  no build target for: C:\Users\leona\Projetos\scala-exercises\Ex05\Ex05.scala
2023.02.04 22:45:56 WARN  no build target for: C:\Users\leona\Projetos\scala-exercises\Ex05\Ex05.scala
2023.02.04 22:45:57 WARN  no build target for: C:\Users\leona\Projetos\scala-exercises\Ex05\Ex05.scala
fev 04, 2023 10:46:06 PM org.eclipse.lsp4j.jsonrpc.RemoteEndpoint handleCancellation
ADVERTÊNCIA: Unmatched cancel notification for request id 3418
2023.02.04 22:46:39 WARN  no build target for: C:\Users\leona\Projetos\scala-exercises\Ex05\Ex05.scala
2023.02.04 22:46:49 WARN  no build target for: C:\Users\leona\Projetos\scala-exercises\Ex05\Ex05.scala
2023.02.04 22:46:57 WARN  no build target for: C:\Users\leona\Projetos\scala-exercises\Ex05\Ex05.scala
fev 04, 2023 10:47:01 PM org.eclipse.lsp4j.jsonrpc.RemoteEndpoint handleCancellation
ADVERTÊNCIA: Unmatched cancel notification for request id 3552
2023.02.04 22:47:04 WARN  no build target for: C:\Users\leona\Projetos\scala-exercises\Ex05\Ex05.scala
2023.02.04 22:47:17 WARN  no build target for: C:\Users\leona\Projetos\scala-exercises\Ex05\Ex05.scala
2023.02.04 22:47:17 WARN  no build target for: C:\Users\leona\Projetos\scala-exercises\Ex05\Ex05.scala
2023.02.04 22:47:17 WARN  no build target for: C:\Users\leona\Projetos\scala-exercises\Ex05\Ex05.scala
2023.02.04 22:47:31 WARN  no build target for: C:\Users\leona\Projetos\scala-exercises\Ex05\Ex05.scala
2023.02.04 22:49:06 WARN  no build target for: C:\Users\leona\Projetos\scala-exercises\Ex05\Ex05.scala
2023.02.04 22:49:32 WARN  no build target for: C:\Users\leona\Projetos\scala-exercises\Ex06\Ex06.scala
2023.02.04 22:49:42 WARN  no build target for: C:\Users\leona\Projetos\scala-exercises\Ex06\Ex06.scala
2023.02.04 22:49:46 WARN  no build target for: C:\Users\leona\Projetos\scala-exercises\Ex06\Ex06.scala
2023.02.04 22:50:05 WARN  no build target for: C:\Users\leona\Projetos\scala-exercises\Ex06\Ex06.scala
fev 04, 2023 10:50:08 PM org.eclipse.lsp4j.jsonrpc.RemoteEndpoint handleCancellation
ADVERTÊNCIA: Unmatched cancel notification for request id 3777
2023.02.04 22:50:11 WARN  no build target for: C:\Users\leona\Projetos\scala-exercises\Ex06\Ex06.scala
2023.02.04 22:50:23 WARN  no build target for: C:\Users\leona\Projetos\scala-exercises\Ex06\Ex06.scala
2023.02.04 22:51:04 WARN  no build target for: C:\Users\leona\Projetos\scala-exercises\Ex06\Ex06.scala
2023.02.04 22:51:07 WARN  no build target for: C:\Users\leona\Projetos\scala-exercises\Ex06\Ex06.scala
2023.02.04 22:51:16 WARN  no build target for: C:\Users\leona\Projetos\scala-exercises\Ex06\Ex06.scala
2023.02.04 22:51:25 WARN  no build target for: C:\Users\leona\Projetos\scala-exercises\Ex06\Ex06.scala
2023.02.04 22:51:36 WARN  no build target for: C:\Users\leona\Projetos\scala-exercises\Ex06\Ex06.scala
2023.02.04 22:51:43 WARN  no build target for: C:\Users\leona\Projetos\scala-exercises\Ex06\Ex06.scala
2023.02.04 22:51:44 WARN  no build target for: C:\Users\leona\Projetos\scala-exercises\Ex06\Ex06.scala
2023.02.04 22:51:56 WARN  no build target for: C:\Users\leona\Projetos\scala-exercises\Ex06\Ex06.scala
2023.02.04 22:51:56 WARN  no build target for: C:\Users\leona\Projetos\scala-exercises\Ex06\Ex06.scala
2023.02.04 22:51:56 WARN  no build target for: C:\Users\leona\Projetos\scala-exercises\Ex06\Ex06.scala
2023.02.04 22:51:57 WARN  no build target for: C:\Users\leona\Projetos\scala-exercises\Ex06\Ex06.scala
2023.02.04 22:51:57 WARN  no build target for: C:\Users\leona\Projetos\scala-exercises\Ex06\Ex06.scala
2023.02.04 22:51:57 WARN  no build target for: C:\Users\leona\Projetos\scala-exercises\Ex06\Ex06.scala
2023.02.04 22:51:57 WARN  no build target for: C:\Users\leona\Projetos\scala-exercises\Ex06\Ex06.scala
2023.02.04 22:51:57 WARN  no build target for: C:\Users\leona\Projetos\scala-exercises\Ex06\Ex06.scala
2023.02.04 22:52:45 WARN  no build target for: C:\Users\leona\Projetos\scala-exercises\Ex06\Ex06.scala
2023.02.04 22:53:09 WARN  no build target for: C:\Users\leona\Projetos\scala-exercises\Ex06\Ex06.scala
2023.02.04 22:53:46 WARN  no build target for: C:\Users\leona\Projetos\scala-exercises\Ex06\Ex06.scala
2023.02.04 22:55:16 WARN  no build target for: C:\Users\leona\Projetos\scala-exercises\Ex06\Ex06.scala
2023.02.04 22:55:22 WARN  no build target for: C:\Users\leona\Projetos\scala-exercises\Ex06\Ex06.scala
fev 04, 2023 10:55:50 PM org.eclipse.lsp4j.jsonrpc.RemoteEndpoint handleCancellation
ADVERTÊNCIA: Unmatched cancel notification for request id 4506
2023.02.04 22:56:46 WARN  no build target for: C:\Users\leona\Projetos\scala-exercises\Ex06\Ex06.scala
2023.02.04 22:56:50 WARN  no build target for: C:\Users\leona\Projetos\scala-exercises\Ex06\Ex06.scala
2023.02.04 22:56:56 WARN  no build target for: C:\Users\leona\Projetos\scala-exercises\Ex06\Ex06.scala
2023.02.04 22:57:24 WARN  no build target for: C:\Users\leona\Projetos\scala-exercises\Ex06\Ex06.scala
2023.02.04 22:57:36 WARN  no build target for: C:\Users\leona\Projetos\scala-exercises\Ex06\Ex06.scala
2023.02.04 22:58:52 WARN  no build target for: C:\Users\leona\Projetos\scala-exercises\Ex06\Ex06.scala
2023.02.04 22:58:57 WARN  no build target for: C:\Users\leona\Projetos\scala-exercises\Ex06\Ex06.scala
2023.02.04 22:59:42 WARN  no build target for: C:\Users\leona\Projetos\scala-exercises\Ex06\Ex06.scala
2023.02.04 22:59:52 WARN  no build target for: C:\Users\leona\Projetos\scala-exercises\Ex06\Ex06.scala
2023.02.04 22:59:54 WARN  no build target for: C:\Users\leona\Projetos\scala-exercises\Ex06\Ex06.scala
2023.02.04 23:00:15 WARN  no build target for: C:\Users\leona\Projetos\scala-exercises\Ex06\Ex06.scala
fev 04, 2023 11:00:32 PM org.eclipse.lsp4j.jsonrpc.RemoteEndpoint handleCancellation
ADVERTÊNCIA: Unmatched cancel notification for request id 5238
2023.02.04 23:00:33 WARN  no build target for: C:\Users\leona\Projetos\scala-exercises\Ex06\Ex06.scala
2023.02.04 23:00:41 WARN  no build target for: C:\Users\leona\Projetos\scala-exercises\Ex06\Ex06.scala
2023.02.04 23:00:41 WARN  no build target for: C:\Users\leona\Projetos\scala-exercises\Ex06\Ex06.scala
2023.02.04 23:00:41 WARN  no build target for: C:\Users\leona\Projetos\scala-exercises\Ex06\Ex06.scala
2023.02.04 23:00:45 WARN  no build target for: C:\Users\leona\Projetos\scala-exercises\Ex06\Ex06.scala
fev 04, 2023 11:01:00 PM org.eclipse.lsp4j.jsonrpc.RemoteEndpoint handleCancellation
ADVERTÊNCIA: Unmatched cancel notification for request id 5297
2023.02.04 23:01:02 WARN  no build target for: C:\Users\leona\Projetos\scala-exercises\Ex06\Ex06.scala
2023.02.04 23:02:23 WARN  no build target for: C:\Users\leona\Projetos\scala-exercises\Ex06\Ex06.scala
2023.02.04 23:02:38 WARN  no build target for: C:\Users\leona\Projetos\scala-exercises\Ex06\Ex06.scala
2023.02.04 23:02:45 WARN  no build target for: C:\Users\leona\Projetos\scala-exercises\Ex06\Ex06.scala
2023.02.04 23:02:45 WARN  no build target for: C:\Users\leona\Projetos\scala-exercises\Ex06\Ex06.scala
2023.02.04 23:02:45 WARN  no build target for: C:\Users\leona\Projetos\scala-exercises\Ex06\Ex06.scala
2023.02.04 23:02:46 WARN  no build target for: C:\Users\leona\Projetos\scala-exercises\Ex06\Ex06.scala
2023.02.04 23:02:46 WARN  no build target for: C:\Users\leona\Projetos\scala-exercises\Ex06\Ex06.scala
2023.02.04 23:02:45 WARN  no build target for: C:\Users\leona\Projetos\scala-exercises\Ex06\Ex06.scala
2023.02.04 23:03:06 WARN  no build target for: C:\Users\leona\Projetos\scala-exercises\Ex06\Ex06.scala
2023.02.04 23:03:19 WARN  no build target for: C:\Users\leona\Projetos\scala-exercises\Ex06\Ex06.scala
2023.02.04 23:03:54 WARN  no build target for: C:\Users\leona\Projetos\scala-exercises\Ex06\Ex06.scala
2023.02.04 23:04:55 WARN  no build target for: C:\Users\leona\Projetos\scala-exercises\Ex06\Ex06.scala
2023.02.04 23:05:08 WARN  no build target for: C:\Users\leona\Projetos\scala-exercises\Ex06\Ex06.scala
2023.02.04 23:05:10 WARN  no build target for: C:\Users\leona\Projetos\scala-exercises\Ex06\Ex06.scala
2023.02.04 23:05:50 WARN  no build target for: C:\Users\leona\Projetos\scala-exercises\Ex06\Ex06.scala
2023.02.04 23:06:15 WARN  no build target for: C:\Users\leona\Projetos\scala-exercises\Ex06\Ex06.scala
2023.02.04 23:06:18 WARN  no build target for: C:\Users\leona\Projetos\scala-exercises\Ex06\Ex06.scala
2023.02.04 23:11:51 WARN  no build target for: C:\Users\leona\Projetos\scala-exercises\Ex06\Ex06.scala
2023.02.04 23:12:11 WARN  no build target for: C:\Users\leona\Projetos\scala-exercises\Ex06\Ex06.scala
2023.02.04 23:12:16 WARN  no build target for: C:\Users\leona\Projetos\scala-exercises\Ex06\Ex06.scala
2023.02.04 23:12:16 WARN  no build target for: C:\Users\leona\Projetos\scala-exercises\Ex06\Ex06.scala
2023.02.04 23:12:32 WARN  no build target for: C:\Users\leona\Projetos\scala-exercises\Ex06\Ex06.scala
2023.02.04 23:12:39 WARN  no build target for: C:\Users\leona\Projetos\scala-exercises\Ex06\Ex06.scala
2023.02.04 23:12:56 WARN  no build target for: C:\Users\leona\Projetos\scala-exercises\Ex06\Ex06.scala
2023.02.04 23:13:01 WARN  no build target for: C:\Users\leona\Projetos\scala-exercises\Ex06\Ex06.scala
2023.02.04 23:13:01 WARN  no build target for: C:\Users\leona\Projetos\scala-exercises\Ex06\Ex06.scala
2023.02.04 23:13:13 WARN  no build target for: C:\Users\leona\Projetos\scala-exercises\Ex06\Ex06.scala
2023.02.04 23:14:49 WARN  no build target for: C:\Users\leona\Projetos\scala-exercises\Ex06\Ex06.scala
2023.02.04 23:17:02 WARN  no build target for: C:\Users\leona\Projetos\scala-exercises\Ex07\Ex07.scala
2023.02.04 23:17:09 WARN  no build target for: C:\Users\leona\Projetos\scala-exercises\Ex07\Ex07.scala
2023.02.04 23:17:21 WARN  no build target for: C:\Users\leona\Projetos\scala-exercises\Ex07\Ex07.scala
2023.02.04 23:17:23 WARN  no build target for: C:\Users\leona\Projetos\scala-exercises\Ex07\Ex07.scala
2023.02.04 23:17:39 WARN  no build target for: C:\Users\leona\Projetos\scala-exercises\Ex07\Ex07.scala
2023.02.04 23:17:42 WARN  no build target for: C:\Users\leona\Projetos\scala-exercises\Ex07\Ex07.scala
2023.02.04 23:19:14 WARN  no build target for: C:\Users\leona\Projetos\scala-exercises\Ex07\Ex07.scala
2023.02.04 23:19:25 WARN  no build target for: C:\Users\leona\Projetos\scala-exercises\Ex07\Ex07.scala
2023.02.04 23:19:30 WARN  no build target for: C:\Users\leona\Projetos\scala-exercises\Ex07\Ex07.scala
2023.02.04 23:20:07 WARN  no build target for: C:\Users\leona\Projetos\scala-exercises\Ex07\Ex07.scala
2023.02.04 23:20:24 WARN  no build target for: C:\Users\leona\Projetos\scala-exercises\Ex07\Ex07.scala
fev 04, 2023 11:21:17 PM scala.meta.internal.pc.CompilerAccess handleError
GRAVE: NoDenotation.owner
java.lang.AssertionError: NoDenotation.owner
	at dotty.tools.dotc.core.SymDenotations$NoDenotation$.owner(SymDenotations.scala:2511)
	at scala.meta.internal.pc.printer.MetalsPrinter.completionSymbol(MetalsPrinter.scala:121)
	at scala.meta.internal.pc.completions.CompletionValue$Symbolic.description(CompletionValue.scala:89)
	at scala.meta.internal.pc.completions.CompletionValue$Symbolic.description$(CompletionValue.scala:46)
	at scala.meta.internal.pc.completions.CompletionValue$Workspace.description(CompletionValue.scala:98)
	at scala.meta.internal.pc.completions.CompletionProvider.completionItems(CompletionProvider.scala:179)
	at scala.meta.internal.pc.completions.CompletionProvider.$anonfun$1(CompletionProvider.scala:97)
	at scala.collection.immutable.List.map(List.scala:250)
	at scala.meta.internal.pc.completions.CompletionProvider.completions(CompletionProvider.scala:98)

2023.02.04 23:21:18 WARN  no build target for: C:\Users\leona\Projetos\scala-exercises\Ex07\Ex07.scala
2023.02.04 23:23:33 WARN  no build target for: C:\Users\leona\Projetos\scala-exercises\Ex07\Ex07.scala
fev 04, 2023 11:23:41 PM org.eclipse.lsp4j.jsonrpc.RemoteEndpoint handleCancellation
ADVERTÊNCIA: Unmatched cancel notification for request id 6339
2023.02.04 23:25:50 WARN  no build target for: C:\Users\leona\Projetos\scala-exercises\Ex07\Ex07.scala
2023.02.04 23:26:39 WARN  no build target for: C:\Users\leona\Projetos\scala-exercises\Ex07\Ex07.scala
2023.02.04 23:27:29 WARN  no build target for: C:\Users\leona\Projetos\scala-exercises\Ex07\Ex07.scala
2023.02.04 23:27:30 WARN  no build target for: C:\Users\leona\Projetos\scala-exercises\Ex07\Ex07.scala
2023.02.04 23:27:30 WARN  no build target for: C:\Users\leona\Projetos\scala-exercises\Ex07\Ex07.scala
fev 04, 2023 11:28:28 PM org.eclipse.lsp4j.jsonrpc.RemoteEndpoint handleCancellation
ADVERTÊNCIA: Unmatched cancel notification for request id 6513
fev 04, 2023 11:28:53 PM org.eclipse.lsp4j.jsonrpc.RemoteEndpoint handleCancellation
ADVERTÊNCIA: Unmatched cancel notification for request id 6539
2023.02.04 23:28:54 WARN  no build target for: C:\Users\leona\Projetos\scala-exercises\Ex07\Ex07.scala
2023.02.04 23:29:07 WARN  no build target for: C:\Users\leona\Projetos\scala-exercises\Ex07\Ex07.scala
2023.02.04 23:36:02 WARN  no build target for: C:\Users\leona\Projetos\scala-exercises\Ex07\Ex07.scala
2023.02.04 23:36:09 WARN  no build target for: C:\Users\leona\Projetos\scala-exercises\Ex07\Ex07.scala
2023.02.04 23:36:46 WARN  no build target for: C:\Users\leona\Projetos\scala-exercises\Ex07\Ex07.scala
2023.02.04 23:37:01 WARN  no build target for: C:\Users\leona\Projetos\scala-exercises\Ex07\Ex07.scala
2023.02.04 23:38:09 WARN  no build target for: C:\Users\leona\Projetos\scala-exercises\Ex07\Ex07.scala
2023.02.04 23:38:21 WARN  no build target for: C:\Users\leona\Projetos\scala-exercises\Ex07\Ex07.scala
2023.02.04 23:38:21 WARN  no build target for: C:\Users\leona\Projetos\scala-exercises\Ex07\Ex07.scala
2023.02.04 23:38:21 WARN  no build target for: C:\Users\leona\Projetos\scala-exercises\Ex07\Ex07.scala
2023.02.04 23:38:21 WARN  no build target for: C:\Users\leona\Projetos\scala-exercises\Ex07\Ex07.scala
2023.02.04 23:38:22 WARN  no build target for: C:\Users\leona\Projetos\scala-exercises\Ex07\Ex07.scala
2023.02.04 23:38:22 WARN  no build target for: C:\Users\leona\Projetos\scala-exercises\Ex07\Ex07.scala
2023.02.04 23:38:22 WARN  no build target for: C:\Users\leona\Projetos\scala-exercises\Ex07\Ex07.scala
2023.02.04 23:38:24 WARN  no build target for: C:\Users\leona\Projetos\scala-exercises\Ex05\Ex05.scala
2023.02.04 23:38:24 WARN  no build target for: C:\Users\leona\Projetos\scala-exercises\Ex05\Ex05.scala
2023.02.04 23:40:10 WARN  no build target for: C:\Users\leona\Projetos\scala-exercises\Ex07\Ex07.scala
2023.02.04 23:40:15 WARN  no build target for: C:\Users\leona\Projetos\scala-exercises\Ex07\Ex07.scala
2023.02.04 23:40:36 WARN  no build target for: C:\Users\leona\Projetos\scala-exercises\Ex07\Ex07.scala
fev 04, 2023 11:44:42 PM scala.meta.internal.pc.CompilerAccess handleError
GRAVE: NoDenotation.owner
java.lang.AssertionError: NoDenotation.owner
	at dotty.tools.dotc.core.SymDenotations$NoDenotation$.owner(SymDenotations.scala:2511)
	at scala.meta.internal.pc.SignatureHelpProvider$.isValid(SignatureHelpProvider.scala:88)
	at scala.meta.internal.pc.SignatureHelpProvider$.notCurrentApply(SignatureHelpProvider.scala:101)
	at scala.meta.internal.pc.SignatureHelpProvider$.$anonfun$1(SignatureHelpProvider.scala:49)
	at scala.collection.StrictOptimizedLinearSeqOps.loop$3(LinearSeq.scala:280)
	at scala.collection.StrictOptimizedLinearSeqOps.dropWhile(LinearSeq.scala:282)
	at scala.collection.StrictOptimizedLinearSeqOps.dropWhile$(LinearSeq.scala:278)
	at scala.collection.immutable.List.dropWhile(List.scala:79)
	at scala.meta.internal.pc.SignatureHelpProvider$.signatureHelp(SignatureHelpProvider.scala:49)

2023.02.04 23:46:57 WARN  no build target for: C:\Users\leona\Projetos\scala-exercises\Ex07\Ex07.scala
2023.02.04 23:48:02 WARN  no build target for: C:\Users\leona\Projetos\scala-exercises\Ex07\Ex07.scala
2023.02.04 23:49:42 WARN  no build target for: C:\Users\leona\Projetos\scala-exercises\Ex07\Ex07.scala
2023.02.04 23:49:57 WARN  no build target for: C:\Users\leona\Projetos\scala-exercises\Ex07\Ex07.scala
2023.02.04 23:50:10 WARN  no build target for: C:\Users\leona\Projetos\scala-exercises\Ex07\Ex07.scala
2023.02.04 23:50:10 WARN  no build target for: C:\Users\leona\Projetos\scala-exercises\Ex07\Ex07.scala
2023.02.04 23:50:10 WARN  no build target for: C:\Users\leona\Projetos\scala-exercises\Ex07\Ex07.scala
2023.02.04 23:50:10 WARN  no build target for: C:\Users\leona\Projetos\scala-exercises\Ex07\Ex07.scala
2023.02.04 23:50:31 WARN  no build target for: C:\Users\leona\Projetos\scala-exercises\Ex07\Ex07.scala
2023.02.04 23:50:54 WARN  no build target for: C:\Users\leona\Projetos\scala-exercises\Ex07\Ex07.scala
2023.02.04 23:51:33 WARN  no build target for: C:\Users\leona\Projetos\scala-exercises\Ex07\Ex07.scala
2023.02.04 23:51:36 WARN  no build target for: C:\Users\leona\Projetos\scala-exercises\Ex07\Ex07.scala
2023.02.04 23:51:38 WARN  no build target for: C:\Users\leona\Projetos\scala-exercises\Ex07\Ex07.scala
2023.02.04 23:51:53 WARN  no build target for: C:\Users\leona\Projetos\scala-exercises\Ex07\Ex07.scala
2023.02.04 23:52:09 WARN  no build target for: C:\Users\leona\Projetos\scala-exercises\Ex07\Ex07.scala
2023.02.04 23:55:42 WARN  no build target for: C:\Users\leona\Projetos\scala-exercises\Ex07\Ex07.scala
fev 04, 2023 11:55:51 PM org.eclipse.lsp4j.jsonrpc.RemoteEndpoint handleCancellation
ADVERTÊNCIA: Unmatched cancel notification for request id 7963
2023.02.04 23:56:54 WARN  no build target for: C:\Users\leona\Projetos\scala-exercises\Ex07\Ex07.scala
2023.02.04 23:56:55 WARN  no build target for: C:\Users\leona\Projetos\scala-exercises\Ex07\Ex07.scala
2023.02.04 23:57:44 WARN  no build target for: C:\Users\leona\Projetos\scala-exercises\Ex07\Ex07.scala
2023.02.04 23:57:44 WARN  no build target for: C:\Users\leona\Projetos\scala-exercises\Ex07\Ex07.scala
2023.02.04 23:57:44 WARN  no build target for: C:\Users\leona\Projetos\scala-exercises\Ex07\Ex07.scala
2023.02.04 23:58:09 WARN  no build target for: C:\Users\leona\Projetos\scala-exercises\Ex07\Ex07.scala
2023.02.04 23:58:31 WARN  no build target for: C:\Users\leona\Projetos\scala-exercises\Ex07\Ex07.scala
2023.02.04 23:58:37 WARN  no build target for: C:\Users\leona\Projetos\scala-exercises\Ex07\Ex07.scala
2023.02.04 23:58:47 WARN  no build target for: C:\Users\leona\Projetos\scala-exercises\Ex07\Ex07.scala
2023.02.04 23:58:49 WARN  no build target for: C:\Users\leona\Projetos\scala-exercises\Ex07\Ex07.scala
2023.02.05 00:01:30 WARN  no build target for: C:\Users\leona\Projetos\scala-exercises\Ex07\Ex07.scala
2023.02.05 00:02:09 WARN  no build target for: C:\Users\leona\Projetos\scala-exercises\Ex07\Ex07.scala
fev 05, 2023 12:02:12 AM org.eclipse.lsp4j.jsonrpc.RemoteEndpoint handleCancellation
ADVERTÊNCIA: Unmatched cancel notification for request id 8465
2023.02.05 00:02:46 WARN  no build target for: C:\Users\leona\Projetos\scala-exercises\Ex07\Ex07.scala
2023.02.05 00:02:46 WARN  no build target for: C:\Users\leona\Projetos\scala-exercises\Ex07\Ex07.scala
2023.02.05 00:02:46 WARN  no build target for: C:\Users\leona\Projetos\scala-exercises\Ex07\Ex07.scala
2023.02.05 00:02:46 WARN  no build target for: C:\Users\leona\Projetos\scala-exercises\Ex07\Ex07.scala
2023.02.05 00:02:46 WARN  no build target for: C:\Users\leona\Projetos\scala-exercises\Ex07\Ex07.scala
2023.02.05 00:03:06 WARN  no build target for: C:\Users\leona\Projetos\scala-exercises\Ex07\Ex07.scala
2023.02.05 00:03:42 WARN  no build target for: C:\Users\leona\Projetos\scala-exercises\Ex07\Ex07.scala
2023.02.05 00:03:44 WARN  no build target for: C:\Users\leona\Projetos\scala-exercises\Ex07\Ex07.scala
2023.02.05 00:05:38 WARN  no build target for: C:\Users\leona\Projetos\scala-exercises\Ex07\Ex07.scala
2023.02.05 00:05:53 WARN  no build target for: C:\Users\leona\Projetos\scala-exercises\Ex07\Ex07.scala
2023.02.05 00:06:11 WARN  no build target for: C:\Users\leona\Projetos\scala-exercises\Ex07\Ex07.scala
2023.02.05 01:23:01 INFO  shutting down Metals
